2023-10-25 12:26:56,198 [DEBUG   ] cifar10 line:72 学習セットのサンプル数: 40000
2023-10-25 12:26:56,198 [DEBUG   ] cifar10 line:73 検証セットのサンプル数: 10000
2023-10-25 12:26:56,199 [DEBUG   ] cifar10 line:74 テストセットのサンプル数: 10000
2023-10-25 18:33:05,659 [DEBUG   ] cifar10 line:76 学習セットのサンプル数: 40000
2023-10-25 18:33:05,660 [DEBUG   ] cifar10 line:77 検証セットのサンプル数: 10000
2023-10-25 18:33:05,661 [DEBUG   ] cifar10 line:78 テストセットのサンプル数: 10000
2023-10-25 18:33:16,970 [INFO    ] train_eval line:95 検証: loss = 2.219, accuracy = 0.320
2023-10-25 18:33:28,634 [INFO    ] train_eval line:95 検証: loss = 1.895, accuracy = 0.362
2023-10-25 18:33:39,917 [INFO    ] train_eval line:95 検証: loss = 1.933, accuracy = 0.348
2023-10-25 18:33:51,187 [INFO    ] train_eval line:95 検証: loss = 1.973, accuracy = 0.343
2023-10-25 18:34:02,512 [INFO    ] train_eval line:95 検証: loss = 1.903, accuracy = 0.358
2023-10-25 18:34:14,136 [INFO    ] train_eval line:95 検証: loss = 2.044, accuracy = 0.333
2023-10-25 18:34:25,661 [INFO    ] train_eval line:95 検証: loss = 1.929, accuracy = 0.370
2023-10-25 18:34:37,538 [INFO    ] train_eval line:95 検証: loss = 1.936, accuracy = 0.364
2023-10-25 18:34:49,068 [INFO    ] train_eval line:95 検証: loss = 1.982, accuracy = 0.348
2023-10-25 18:35:01,193 [INFO    ] train_eval line:95 検証: loss = 2.027, accuracy = 0.360
2023-10-25 18:35:14,185 [INFO    ] train_eval line:95 検証: loss = 2.018, accuracy = 0.351
2023-10-25 18:35:26,204 [INFO    ] train_eval line:95 検証: loss = 1.991, accuracy = 0.350
2023-10-25 18:35:38,467 [INFO    ] train_eval line:95 検証: loss = 1.995, accuracy = 0.363
2023-10-25 18:35:50,665 [INFO    ] train_eval line:95 検証: loss = 1.962, accuracy = 0.354
2023-10-25 18:36:02,369 [INFO    ] train_eval line:95 検証: loss = 1.923, accuracy = 0.377
2023-10-25 18:36:13,790 [INFO    ] train_eval line:95 検証: loss = 2.007, accuracy = 0.353
2023-10-25 18:36:33,907 [DEBUG   ] cifar10 line:76 学習セットのサンプル数: 40000
2023-10-25 18:36:33,908 [DEBUG   ] cifar10 line:77 検証セットのサンプル数: 10000
2023-10-25 18:36:33,908 [DEBUG   ] cifar10 line:78 テストセットのサンプル数: 10000
2023-10-25 18:36:45,297 [INFO    ] train_eval line:95 検証: loss = 1.926, accuracy = 0.354
2023-10-25 18:38:33,448 [DEBUG   ] cifar10 line:77 学習セットのサンプル数: 40000
2023-10-25 18:38:33,449 [DEBUG   ] cifar10 line:78 検証セットのサンプル数: 10000
2023-10-25 18:38:33,449 [DEBUG   ] cifar10 line:79 テストセットのサンプル数: 10000
2023-10-25 20:39:59,838 [DEBUG   ] cifar10 line:77 学習セットのサンプル数: 40000
2023-10-25 20:39:59,839 [DEBUG   ] cifar10 line:78 検証セットのサンプル数: 10000
2023-10-25 20:39:59,840 [DEBUG   ] cifar10 line:79 テストセットのサンプル数: 10000
2023-10-25 20:45:39,102 [DEBUG   ] cifar10 line:77 学習セットのサンプル数: 40000
2023-10-25 20:45:39,104 [DEBUG   ] cifar10 line:78 検証セットのサンプル数: 10000
2023-10-25 20:45:39,104 [DEBUG   ] cifar10 line:79 テストセットのサンプル数: 10000
2023-10-25 20:46:09,117 [DEBUG   ] cifar10 line:77 学習セットのサンプル数: 40000
2023-10-25 20:46:09,118 [DEBUG   ] cifar10 line:78 検証セットのサンプル数: 10000
2023-10-25 20:46:09,119 [DEBUG   ] cifar10 line:79 テストセットのサンプル数: 10000
2023-10-25 21:29:21,774 [DEBUG   ] cifar10 line:77 学習セットのサンプル数: 40000
2023-10-25 21:29:21,775 [DEBUG   ] cifar10 line:78 検証セットのサンプル数: 10000
2023-10-25 21:29:21,776 [DEBUG   ] cifar10 line:79 テストセットのサンプル数: 10000
2023-10-25 21:30:01,655 [DEBUG   ] cifar10 line:77 学習セットのサンプル数: 40000
2023-10-25 21:30:01,656 [DEBUG   ] cifar10 line:78 検証セットのサンプル数: 10000
2023-10-25 21:30:01,656 [DEBUG   ] cifar10 line:79 テストセットのサンプル数: 10000
2023-10-25 22:05:02,911 [DEBUG   ] cifar10 line:77 学習セットのサンプル数: 40000
2023-10-25 22:05:02,912 [DEBUG   ] cifar10 line:78 検証セットのサンプル数: 10000
2023-10-25 22:05:02,913 [DEBUG   ] cifar10 line:79 テストセットのサンプル数: 10000
2023-10-25 22:05:46,708 [DEBUG   ] cifar10 line:77 学習セットのサンプル数: 40000
2023-10-25 22:05:46,709 [DEBUG   ] cifar10 line:78 検証セットのサンプル数: 10000
2023-10-25 22:05:46,710 [DEBUG   ] cifar10 line:79 テストセットのサンプル数: 10000
2023-10-25 22:09:10,849 [DEBUG   ] cifar10 line:77 学習セットのサンプル数: 40000
2023-10-25 22:09:10,850 [DEBUG   ] cifar10 line:78 検証セットのサンプル数: 10000
2023-10-25 22:09:10,851 [DEBUG   ] cifar10 line:79 テストセットのサンプル数: 10000
2023-10-25 22:09:22,378 [INFO    ] train_eval line:209 検証: loss = 1.491, accuracy = 0.479
2023-10-25 22:09:34,037 [INFO    ] train_eval line:209 検証: loss = 1.412, accuracy = 0.499
2023-10-25 22:09:58,059 [DEBUG   ] cifar10 line:77 学習セットのサンプル数: 40000
2023-10-25 22:09:58,060 [DEBUG   ] cifar10 line:78 検証セットのサンプル数: 10000
2023-10-25 22:09:58,061 [DEBUG   ] cifar10 line:79 テストセットのサンプル数: 10000
2023-10-25 22:10:07,106 [INFO    ] train_eval line:209 検証: loss = 1.475, accuracy = 0.476
2023-10-25 22:10:17,445 [INFO    ] train_eval line:209 検証: loss = 1.392, accuracy = 0.510
2023-10-25 22:10:27,769 [INFO    ] train_eval line:209 検証: loss = 1.360, accuracy = 0.521
2023-10-25 22:10:37,797 [INFO    ] train_eval line:209 検証: loss = 1.359, accuracy = 0.520
2023-10-25 22:10:47,810 [INFO    ] train_eval line:209 検証: loss = 1.335, accuracy = 0.531
2023-10-25 22:10:58,118 [INFO    ] train_eval line:209 検証: loss = 1.338, accuracy = 0.534
2023-10-25 22:11:08,338 [INFO    ] train_eval line:209 検証: loss = 1.309, accuracy = 0.549
2023-10-25 22:11:18,564 [INFO    ] train_eval line:209 検証: loss = 1.345, accuracy = 0.539
2023-10-25 22:11:28,683 [INFO    ] train_eval line:209 検証: loss = 1.349, accuracy = 0.544
2023-10-25 22:11:38,995 [INFO    ] train_eval line:209 検証: loss = 1.358, accuracy = 0.544
2023-10-25 22:11:49,283 [INFO    ] train_eval line:209 検証: loss = 1.380, accuracy = 0.534
2023-10-25 22:11:59,063 [INFO    ] train_eval line:209 検証: loss = 1.403, accuracy = 0.541
2023-10-25 22:12:09,063 [INFO    ] train_eval line:209 検証: loss = 1.397, accuracy = 0.546
2023-10-25 22:12:19,754 [INFO    ] train_eval line:209 検証: loss = 1.407, accuracy = 0.547
2023-10-25 22:12:29,944 [INFO    ] train_eval line:209 検証: loss = 1.460, accuracy = 0.538
2023-10-25 22:12:40,089 [INFO    ] train_eval line:209 検証: loss = 1.451, accuracy = 0.541
2023-10-25 22:12:50,478 [INFO    ] train_eval line:209 検証: loss = 1.560, accuracy = 0.525
2023-10-25 22:13:01,109 [INFO    ] train_eval line:209 検証: loss = 1.500, accuracy = 0.539
2023-10-25 22:13:11,238 [INFO    ] train_eval line:209 検証: loss = 1.524, accuracy = 0.552
2023-10-25 22:13:21,756 [INFO    ] train_eval line:209 検証: loss = 1.531, accuracy = 0.542
2023-10-25 22:13:32,239 [INFO    ] train_eval line:209 検証: loss = 1.561, accuracy = 0.540
2023-10-25 22:13:42,223 [INFO    ] train_eval line:209 検証: loss = 1.582, accuracy = 0.544
2023-10-25 22:13:52,982 [INFO    ] train_eval line:209 検証: loss = 1.618, accuracy = 0.536
2023-10-25 22:14:03,179 [INFO    ] train_eval line:209 検証: loss = 1.647, accuracy = 0.535
2023-10-25 22:14:13,240 [INFO    ] train_eval line:209 検証: loss = 1.629, accuracy = 0.546
2023-10-25 22:14:23,660 [INFO    ] train_eval line:209 検証: loss = 1.684, accuracy = 0.535
2023-10-25 22:14:33,948 [INFO    ] train_eval line:209 検証: loss = 1.712, accuracy = 0.537
2023-10-25 22:14:43,861 [INFO    ] train_eval line:209 検証: loss = 1.712, accuracy = 0.543
2023-10-25 22:14:54,376 [INFO    ] train_eval line:209 検証: loss = 1.720, accuracy = 0.547
2023-10-25 22:15:04,673 [INFO    ] train_eval line:209 検証: loss = 1.745, accuracy = 0.539
2023-10-25 22:15:05,917 [INFO    ] train_eval line:212 テスト: loss = 1.719, accuracy = 0.543
